commit 72ceba97518e2646f4fe67f245d45303151b086b
Author: Matthew Couture <mattsqui@cs.utexas.edu>
Date:   Wed Apr 3 13:48:45 2013 -0500

    Adding output for RunDarwin

commit d528dd2fc58c3eded1aac486f702275986bbc174
Author: Matthew Couture <mattsqui@cs.utexas.edu>
Date:   Wed Apr 3 13:19:11 2013 -0500

    Adding UML pdf

commit bc0037a028f389b472757d3b1262b0a01d4d7fef
Author: Matthew Couture <mattsqui@cs.utexas.edu>
Date:   Wed Apr 3 01:30:58 2013 -0500

    Adding unit tests

commit 26c86b06bbdbc16a7a67b63b375aa50c5de8f3e8
Author: Matthew Couture <mattsqui@cs.utexas.edu>
Date:   Tue Apr 2 22:18:13 2013 -0500

    Adding acceptance test and header file

commit bc774c2402f04067505d65fc6182e301d64e391c
Author: Matthew Couture <mattsqui@cs.utexas.edu>
Date:   Tue Apr 2 21:14:38 2013 -0500

    Progress of the code

commit 8c56dc99465e876ab31eeb3838b66d57d2dfb47b
Author: Matthew Couture <mattsqui@cs.utexas.edu>
Date:   Wed Mar 27 13:54:37 2013 -0500

    Initial commit

commit 7e4656220bef58dbe3fb5e77677a8a37b86545ca
Author: MattCouture <codefelp@gmail.com>
Date:   Wed Mar 27 11:45:51 2013 -0700

    Initial commit
